<?xml version="1.0" encoding="UTF-8"?>
<!-- Generated by org.testng.reporters.JUnitReportReporter -->
<testsuite hostname="dnyanesh" failures="0" tests="3" name="BasicOfTestGN.EmailableReport" time="0.029" errors="0" timestamp="2022-11-06T17:27:08 IST" skipped="0">
  <testcase classname="BasicOfTestGN.EmailableReport" name="TC2" time="0.007"/>
  <system-out/>
  <testcase classname="BasicOfTestGN.EmailableReport" name="TC3" time="0.002"/>
  <system-out/>
  <testcase classname="BasicOfTestGN.EmailableReport" name="TC1" time="0.020"/>
  <system-out/>
</testsuite> <!-- BasicOfTestGN.EmailableReport -->
