<?xml version="1.0" encoding="UTF-8"?>
<!-- Generated by org.testng.reporters.JUnitReportReporter -->
<testsuite hostname="dnyanesh" failures="0" tests="4" name="BasicOfTestGN.UseReportLog" time="0.032" errors="0" timestamp="2022-11-06T18:07:27 IST" skipped="0">
  <testcase classname="BasicOfTestGN.UseReportLog" name="Tc1" time="0.004"/>
  <system-out>
    <![CDATA[Suryaansh]]>
  </system-out>
  <testcase classname="BasicOfTestGN.UseReportLog" name="Tc2" time="0.003"/>
  <system-out>
    <![CDATA[Sanjivani]]>
  </system-out>
  <testcase classname="BasicOfTestGN.UseReportLog" name="Tc3" time="0.002"/>
  <system-out>
    <![CDATA[Ravikumar]]>
  </system-out>
  <testcase classname="BasicOfTestGN.UseReportLog" name="TC4" time="0.023"/>
  <system-out>
    <![CDATA[Sanjivani Gangaparsad Jakkalwar]]>
  </system-out>
</testsuite> <!-- BasicOfTestGN.UseReportLog -->
