<?xml version="1.0" encoding="UTF-8"?>
<!-- Generated by org.testng.reporters.JUnitReportReporter -->
<testsuite hostname="dnyanesh" failures="0" tests="2" name="BasicOfTestGN.TestNGDemo_1" time="5.134" errors="0" timestamp="2022-11-06T17:13:31 IST" skipped="0">
  <testcase classname="BasicOfTestGN.TestNGDemo_1" name="TC2" time="0.003"/>
  <system-out/>
  <testcase classname="BasicOfTestGN.TestNGDemo_1" name="TC1" time="5.131"/>
  <system-out/>
</testsuite> <!-- BasicOfTestGN.TestNGDemo_1 -->
